c:\users\tomno\documents\inno\atp\atp-code\atp-tom\build\sensor_bindings.dir\debug\vc143.pdb
c:\users\tomno\documents\inno\atp\atp-code\atp-tom\build\sensor_bindings.dir\debug\sensors.obj
c:\users\tomno\documents\inno\atp\atp-code\atp-tom\build\sensor_bindings.dir\debug\bindings.obj
c:\users\tomno\documents\inno\atp\atp-code\atp-tom\build\cmakefiles\generate.stamp
c:\users\tomno\documents\inno\atp\atp-code\atp-tom\build\debug\sensor_bindings.dll
c:\users\tomno\documents\inno\atp\atp-code\atp-tom\build\debug\sensor_bindings.pdb
c:\users\tomno\documents\inno\atp\atp-code\atp-tom\build\debug\sensor_bindings.lib
c:\users\tomno\documents\inno\atp\atp-code\atp-tom\build\debug\sensor_bindings.exp
c:\users\tomno\documents\inno\atp\atp-code\atp-tom\build\sensor_bindings.dir\debug\sensor_bindings.ilk
c:\users\tomno\documents\inno\atp\atp-code\atp-tom\build\sensor_bindings.dir\debug\sensor_bindings.tlog\cl.command.1.tlog
c:\users\tomno\documents\inno\atp\atp-code\atp-tom\build\sensor_bindings.dir\debug\sensor_bindings.tlog\cl.items.tlog
c:\users\tomno\documents\inno\atp\atp-code\atp-tom\build\sensor_bindings.dir\debug\sensor_bindings.tlog\cl.read.1.tlog
c:\users\tomno\documents\inno\atp\atp-code\atp-tom\build\sensor_bindings.dir\debug\sensor_bindings.tlog\cl.write.1.tlog
c:\users\tomno\documents\inno\atp\atp-code\atp-tom\build\sensor_bindings.dir\debug\sensor_bindings.tlog\custombuild.command.1.tlog
c:\users\tomno\documents\inno\atp\atp-code\atp-tom\build\sensor_bindings.dir\debug\sensor_bindings.tlog\custombuild.read.1.tlog
c:\users\tomno\documents\inno\atp\atp-code\atp-tom\build\sensor_bindings.dir\debug\sensor_bindings.tlog\custombuild.write.1.tlog
c:\users\tomno\documents\inno\atp\atp-code\atp-tom\build\sensor_bindings.dir\debug\sensor_bindings.tlog\link.command.1.tlog
c:\users\tomno\documents\inno\atp\atp-code\atp-tom\build\sensor_bindings.dir\debug\sensor_bindings.tlog\link.read.1.tlog
c:\users\tomno\documents\inno\atp\atp-code\atp-tom\build\sensor_bindings.dir\debug\sensor_bindings.tlog\link.secondary.1.tlog
c:\users\tomno\documents\inno\atp\atp-code\atp-tom\build\sensor_bindings.dir\debug\sensor_bindings.tlog\link.write.1.tlog
